[2025-05-29T09:53:15.369877+00:00] app_logger.INFO: [ACTIVITY] User 'admin' logout [] []
[2025-05-29T09:58:56.244480+00:00] app_logger.ERROR: [ERROR] Login gagal: username 'asd' tidak ditemukan. [] []
[2025-05-29T09:59:14.485294+00:00] app_logger.ERROR: [ERROR] Login gagal: username tidak valid: '####' [] []
[2025-05-29T10:04:15.585994+00:00] app_logger.ERROR: [ERROR] Registrasi gagal: Password terlalu pendek untuk 'admin'. [] []
[2025-05-29T10:05:18.068703+00:00] app_logger.ERROR: [ERROR] Registrasi gagal untuk user 'admin' (username sudah terdaftar). [] []
[2025-05-29T10:08:57.696444+00:00] app_logger.INFO: [ACTIVITY] User 'admin' berhasil login. [] []
[2025-05-29T10:21:43.526794+00:00] app_logger.INFO: [ACTIVITY] Komentar berhasil oleh 'admin' di post_id '9'. [] []
[2025-05-29T10:41:33.510248+00:00] app_logger.INFO: [ACTIVITY] User '' berhasil menambahkan post dengan judul 'test log'. [] []
[2025-05-29T10:43:01.561408+00:00] app_logger.INFO: [ACTIVITY] User '' mengembalikan post dengan ID 12. [] []
[2025-05-29T10:44:44.492916+00:00] app_logger.INFO: [ACTIVITY] User 'admin' menghapus post dengan ID 12. [] []
[2025-05-29T10:59:10.406562+00:00] app_logger.INFO: [ACTIVITY] User 'admin' berhasil mengedit post dengan ID 9. [] []
[2025-05-29T13:19:18.931108+00:00] app_logger.INFO: [ACTIVITY] User 'admin' berhasil login. [] []
[2025-05-29T13:19:21.798509+00:00] app_logger.INFO: [ACTIVITY] User 'admin' logout [] []
[2025-05-29T13:25:10.819535+00:00] app_logger.INFO: [ACTIVITY] User 'admin' berhasil login. [] []
[2025-05-29T13:25:13.453316+00:00] app_logger.INFO: [ACTIVITY] User 'admin' logout [] []
[2025-05-29T13:32:52.686126+00:00] app_logger.INFO: [ACTIVITY] User 'admin' berhasil login. [] []
[2025-05-29T13:32:55.182805+00:00] app_logger.INFO: [ACTIVITY] User 'admin' logout [] []
[2025-05-29T13:33:04.604974+00:00] app_logger.ERROR: [ERROR] Login gagal: username tidak valid: 'admin ' [] []
[2025-05-29T13:33:09.610653+00:00] app_logger.INFO: [ACTIVITY] User 'admin' berhasil login. [] []
[2025-05-29T13:33:11.411748+00:00] app_logger.INFO: [ACTIVITY] User 'admin' logout [] []
[2025-05-29T13:33:34.100081+00:00] app_logger.INFO: [ACTIVITY] User 'admin' berhasil login. [] []
[2025-05-29T13:33:36.658787+00:00] app_logger.INFO: [ACTIVITY] User 'admin' logout [] []
[2025-05-29T13:50:32.080630+00:00] app_logger.INFO: [ACTIVITY] User 'admin' berhasil login. [] []
[2025-05-29T13:50:34.228579+00:00] app_logger.INFO: [ACTIVITY] User 'admin' logout [] []
[2025-05-29T13:57:58.237994+00:00] app_logger.INFO: [ACTIVITY] User 'admin' berhasil login. [] []
[2025-05-29T13:58:00.289785+00:00] app_logger.INFO: [ACTIVITY] User 'admin' logout [] []
[2025-05-29T14:00:06.470011+00:00] app_logger.INFO: [ACTIVITY] User 'admin' berhasil login. [] []
[2025-05-29T14:00:08.858357+00:00] app_logger.INFO: [ACTIVITY] User 'admin' logout [] []
[2025-05-29T14:00:15.801887+00:00] app_logger.INFO: [ACTIVITY] User 'admin' berhasil login. [] []
[2025-05-29T14:00:17.800289+00:00] app_logger.INFO: [ACTIVITY] User 'admin' logout [] []
[2025-05-29T14:00:48.150800+00:00] app_logger.INFO: [ACTIVITY] User 'admin' berhasil login. [] []
[2025-05-29T14:00:50.984208+00:00] app_logger.INFO: [ACTIVITY] User 'admin' logout [] []
[2025-05-29T14:03:54.605436+00:00] app_logger.ERROR: [ERROR] Login gagal: CAPTCHA tidak lolos. [] []
[2025-05-29T14:03:59.273207+00:00] app_logger.ERROR: [ERROR] Login gagal: CAPTCHA tidak lolos. [] []
[2025-05-29T14:04:07.511544+00:00] app_logger.INFO: [ACTIVITY] User 'admin' berhasil login. [] []
[2025-05-29T14:04:12.504087+00:00] app_logger.INFO: [ACTIVITY] User 'admin' logout [] []
[2025-05-29T14:04:17.425881+00:00] app_logger.ERROR: [ERROR] Login gagal: CAPTCHA tidak lolos. [] []
[2025-05-29T14:07:59.707933+00:00] app_logger.ERROR: [ERROR] Login gagal: CAPTCHA tidak lolos. [] []
[2025-05-29T14:07:59.806935+00:00] app_logger.INFO: [ACTIVITY] User 'admin' berhasil login. [] []
[2025-05-29T14:08:02.446588+00:00] app_logger.INFO: [ACTIVITY] User 'admin' logout [] []
[2025-05-29T14:08:07.906190+00:00] app_logger.ERROR: [ERROR] Login gagal: CAPTCHA tidak lolos. [] []
[2025-05-29T14:08:08.002117+00:00] app_logger.INFO: [ACTIVITY] User 'admin' berhasil login. [] []
[2025-05-29T14:08:12.708239+00:00] app_logger.INFO: [ACTIVITY] User 'admin' logout [] []
[2025-05-29T14:08:17.678261+00:00] app_logger.ERROR: [ERROR] Login gagal: username '' tidak ditemukan. [] []
[2025-05-29T14:08:17.783268+00:00] app_logger.INFO: [ACTIVITY] User 'admin' berhasil login. [] []
[2025-05-29T14:08:19.859739+00:00] app_logger.INFO: [ACTIVITY] User 'admin' logout [] []
[2025-05-29T14:10:07.087200+00:00] app_logger.ERROR: [ERROR] Login gagal: CAPTCHA kosong. [] []
[2025-05-29T14:10:07.184743+00:00] app_logger.INFO: [ACTIVITY] User 'admin' berhasil login. [] []
[2025-05-29T14:10:09.564377+00:00] app_logger.INFO: [ACTIVITY] User 'admin' logout [] []
[2025-05-29T14:10:27.482827+00:00] app_logger.ERROR: [ERROR] Login gagal: CAPTCHA tidak lolos. [] []
[2025-05-29T14:10:35.833603+00:00] app_logger.INFO: [ACTIVITY] User 'admin' berhasil login. [] []
[2025-05-29T14:10:38.938321+00:00] app_logger.INFO: [ACTIVITY] User 'admin' logout [] []
[2025-05-29T14:12:17.420675+00:00] app_logger.INFO: [ACTIVITY] User 'admin' berhasil login. [] []
[2025-05-29T14:12:19.912938+00:00] app_logger.INFO: [ACTIVITY] User 'admin' logout [] []
[2025-05-29T14:17:22.309911+00:00] app_logger.INFO: [ACTIVITY] User 'admin' berhasil login. [] []
[2025-05-29T14:17:24.836394+00:00] app_logger.INFO: [ACTIVITY] User 'admin' logout [] []
[2025-05-29T14:17:33.624640+00:00] app_logger.ERROR: [ERROR] Login gagal: username 'mimin' tidak ditemukan. [] []
[2025-05-29T14:17:39.555420+00:00] app_logger.INFO: [ACTIVITY] User 'admin' berhasil login. [] []
[2025-05-29T14:17:41.603073+00:00] app_logger.INFO: [ACTIVITY] User 'admin' logout [] []
[2025-05-29T14:18:55.863120+00:00] app_logger.INFO: [ACTIVITY] User 'admin' berhasil login. [] []
[2025-05-29T14:18:57.987704+00:00] app_logger.INFO: [ACTIVITY] User 'admin' logout [] []
[2025-05-29T14:24:32.240591+00:00] app_logger.INFO: [ACTIVITY] User 'admin' berhasil login. [] []
[2025-05-29T14:24:34.089477+00:00] app_logger.INFO: [ACTIVITY] User 'admin' logout [] []
[2025-05-29T14:25:19.756061+00:00] app_logger.ERROR: [ERROR] Register gagal: CAPTCHA tidak lolos. [] []
[2025-05-29T14:27:49.136507+00:00] app_logger.ERROR: [ERROR] Register gagal: CAPTCHA tidak lolos. [] []
[2025-05-29T14:28:26.337814+00:00] app_logger.ERROR: [ERROR] Registrasi gagal: Password terlalu pendek untuk 'mimin'. [] []
[2025-05-29T14:28:36.405258+00:00] app_logger.INFO: [ACTIVITY] Registrasi berhasil untuk user 'mimin'. [] []
[2025-05-29T14:28:45.805598+00:00] app_logger.INFO: [ACTIVITY] User 'mimin' berhasil login. [] []
[2025-05-29T14:28:47.644485+00:00] app_logger.INFO: [ACTIVITY] User 'mimin' logout [] []
[2025-05-29T14:29:01.826891+00:00] app_logger.ERROR: [ERROR] Register gagal: CAPTCHA tidak lolos. [] []
[2025-05-29T14:29:50.616963+00:00] app_logger.ERROR: [ERROR] Register gagal: CAPTCHA tidak lolos. [] []
[2025-05-29T14:30:27.436959+00:00] app_logger.ERROR: [ERROR] Register gagal: CAPTCHA tidak lolos. [] []
[2025-05-29T14:35:32.957193+00:00] app_logger.INFO: [ACTIVITY] Registrasi berhasil untuk user 'adnan'. [] []
[2025-05-29T14:35:47.234468+00:00] app_logger.INFO: [ACTIVITY] User 'adnan' berhasil login. [] []
[2025-05-29T14:35:49.439889+00:00] app_logger.INFO: [ACTIVITY] User 'adnan' logout [] []
